<?xml version="1.0" encoding="UTF-8"?>
<!-- Generated by org.testng.reporters.JUnitReportReporter -->
<testsuite hostname="DESKTOP-56PO596" failures="0" tests="10" name="SuperAdmin.Cylinder_CRUD" time="7.006" errors="0" timestamp="2024-05-30T21:22:18 IST" skipped="0">
  <testcase classname="SuperAdmin.Cylinder_CRUD" name="superAdminLoginTest" time="4.288"/>
  <system-out/>
  <testcase classname="SuperAdmin.Cylinder_CRUD" name="createCylinderSizeTestwithToken" time="0.569"/>
  <system-out/>
  <testcase classname="SuperAdmin.Cylinder_CRUD" name="createCylinderSizeTest" time="0.256"/>
  <system-out/>
  <testcase classname="SuperAdmin.Cylinder_CRUD" name="getAllCylinder" time="0.215"/>
  <system-out/>
  <testcase classname="SuperAdmin.Cylinder_CRUD" name="getCylinderById" time="0.081"/>
  <system-out/>
  <testcase classname="SuperAdmin.Cylinder_CRUD" name="updateCylinderById" time="0.179"/>
  <system-out/>
  <testcase classname="SuperAdmin.Cylinder_CRUD" name="createCylinderGasTest" time="0.716"/>
  <system-out/>
  <testcase classname="SuperAdmin.Cylinder_CRUD" name="getAllCylinderGas" time="0.183"/>
  <system-out/>
  <testcase classname="SuperAdmin.Cylinder_CRUD" name="getCylinderGasById" time="0.174"/>
  <system-out/>
  <testcase classname="SuperAdmin.Cylinder_CRUD" name="updateCylinderGasById" time="0.345"/>
  <system-out/>
</testsuite> <!-- SuperAdmin.Cylinder_CRUD -->
