<?xml version="1.0" encoding="UTF-8"?>
<!-- Generated by org.testng.reporters.JUnitReportReporter -->
<testsuite hostname="DESKTOP-56PO596" failures="0" tests="5" name="DistributedAdmin.Distributor_User_CRUD" time="2.634" errors="0" timestamp="2024-05-30T21:22:18 IST" skipped="0">
  <testcase classname="DistributedAdmin.Distributor_User_CRUD" name="distributorAdminLoginTest" time="0.445"/>
  <system-out/>
  <testcase classname="DistributedAdmin.Distributor_User_CRUD" name="createDistributorUserTest" time="0.644"/>
  <system-out/>
  <testcase classname="DistributedAdmin.Distributor_User_CRUD" name="getDistributorUserById" time="0.148"/>
  <system-out/>
  <testcase classname="DistributedAdmin.Distributor_User_CRUD" name="updateDistributorUserTest" time="1.137"/>
  <system-out/>
  <testcase classname="DistributedAdmin.Distributor_User_CRUD" name="DeleteDistributorUserById" time="0.260"/>
  <system-out/>
</testsuite> <!-- DistributedAdmin.Distributor_User_CRUD -->
