<?xml version="1.0" encoding="UTF-8"?>
<!-- Generated by org.testng.reporters.JUnitReportReporter -->
<testsuite hostname="DESKTOP-56PO596" failures="0" tests="7" name="DistributorUser.DistributorUserAccess" time="1.466" errors="0" timestamp="2024-05-30T21:22:19 IST" skipped="0">
  <testcase classname="DistributorUser.DistributorUserAccess" name="distributorUserLoginTest" time="0.438"/>
  <system-out/>
  <testcase classname="DistributorUser.DistributorUserAccess" name="getAllCylinderSize" time="0.177"/>
  <system-out/>
  <testcase classname="DistributorUser.DistributorUserAccess" name="getCylinderSizeById" time="0.166"/>
  <system-out/>
  <testcase classname="DistributorUser.DistributorUserAccess" name="getAllCylinderGas" time="0.168"/>
  <system-out/>
  <testcase classname="DistributorUser.DistributorUserAccess" name="getCylinderGasById" time="0.184"/>
  <system-out/>
  <testcase classname="DistributorUser.DistributorUserAccess" name="getCompanyCylinder" time="0.179"/>
  <system-out/>
  <testcase classname="DistributorUser.DistributorUserAccess" name="getCompanyCylinderById" time="0.154"/>
  <system-out/>
</testsuite> <!-- DistributorUser.DistributorUserAccess -->
