<?xml version="1.0" encoding="UTF-8"?>
<!-- Generated by org.testng.reporters.JUnitReportReporter -->
<testsuite hostname="DESKTOP-56PO596" failures="0" tests="6" name="DistributedAdmin.Create_Cylinder_CRUD" time="1.705" errors="0" timestamp="2024-05-30T21:22:19 IST" skipped="0">
  <testcase classname="DistributedAdmin.Create_Cylinder_CRUD" name="distributorAdminLoginTest" time="0.428"/>
  <system-out/>
  <testcase classname="DistributedAdmin.Create_Cylinder_CRUD" name="getCompanyCylinder" time="0.210"/>
  <system-out/>
  <testcase classname="DistributedAdmin.Create_Cylinder_CRUD" name="getCompanyCylinderById" time="0.119"/>
  <system-out/>
  <testcase classname="DistributedAdmin.Create_Cylinder_CRUD" name="createCompanyCylinderTest" time="0.341"/>
  <system-out/>
  <testcase classname="DistributedAdmin.Create_Cylinder_CRUD" name="updateCompanyLocationByIdTest" time="0.396"/>
  <system-out/>
  <testcase classname="DistributedAdmin.Create_Cylinder_CRUD" name="DeleteDistributorUserById" time="0.211"/>
  <system-out/>
</testsuite> <!-- DistributedAdmin.Create_Cylinder_CRUD -->
