<?xml version="1.0" encoding="UTF-8"?>
<!-- Generated by org.testng.reporters.JUnitReportReporter -->
<testsuite hostname="DESKTOP-56PO596" failures="0" tests="3" name="DistributedAdmin.Refiller_Crud" time="1.255" errors="0" timestamp="2024-05-30T21:22:18 IST" skipped="0">
  <testcase classname="DistributedAdmin.Refiller_Crud" name="distributorAdminLoginTest" time="0.459"/>
  <system-out/>
  <testcase classname="DistributedAdmin.Refiller_Crud" name="createCompanyLocationTest" time="0.622"/>
  <system-out/>
  <testcase classname="DistributedAdmin.Refiller_Crud" name="getCompanyLocationTest" time="0.174"/>
  <system-out/>
</testsuite> <!-- DistributedAdmin.Refiller_Crud -->
