<?xml version="1.0" encoding="UTF-8"?>
<!-- Generated by org.testng.reporters.JUnitReportReporter -->
<testsuite hostname="DESKTOP-56PO596" failures="0" tests="4" name="DistributedAdmin.Maintainer_Crud" time="1.659" errors="0" timestamp="2024-05-30T21:22:18 IST" skipped="0">
  <testcase classname="DistributedAdmin.Maintainer_Crud" name="distributorAdminLoginTest" time="0.498"/>
  <system-out/>
  <testcase classname="DistributedAdmin.Maintainer_Crud" name="createCompanyLocationTest" time="0.641"/>
  <system-out/>
  <testcase classname="DistributedAdmin.Maintainer_Crud" name="getCompanyLocationTest" time="0.181"/>
  <system-out/>
  <testcase classname="DistributedAdmin.Maintainer_Crud" name="updateCompanyLocationTest" time="0.339"/>
  <system-out/>
</testsuite> <!-- DistributedAdmin.Maintainer_Crud -->
