<?xml version="1.0" encoding="UTF-8"?>
<!-- Generated by org.testng.reporters.JUnitReportReporter -->
<testsuite hostname="DESKTOP-56PO596" failures="0" tests="6" name="SuperAdmin.Distributor_Admin_Crud" time="3.213" errors="0" timestamp="2024-05-30T21:22:18 IST" skipped="0">
  <testcase classname="SuperAdmin.Distributor_Admin_Crud" name="superAdminLoginTest" time="0.469"/>
  <system-out/>
  <testcase classname="SuperAdmin.Distributor_Admin_Crud" name="createDistributorAdminTest" time="1.372"/>
  <system-out/>
  <testcase classname="SuperAdmin.Distributor_Admin_Crud" name="getAlldistributorAdmins" time="0.284"/>
  <system-out/>
  <testcase classname="SuperAdmin.Distributor_Admin_Crud" name="getDistributorAdminById" time="0.147"/>
  <system-out/>
  <testcase classname="SuperAdmin.Distributor_Admin_Crud" name="updateDistributorAdminById" time="0.710"/>
  <system-out/>
  <testcase classname="SuperAdmin.Distributor_Admin_Crud" name="DeleteDistributorAdminById" time="0.231"/>
  <system-out/>
</testsuite> <!-- SuperAdmin.Distributor_Admin_Crud -->
