<?xml version="1.0" encoding="UTF-8"?>
<!-- Generated by org.testng.reporters.JUnitReportReporter -->
<testsuite hostname="DESKTOP-56PO596" failures="0" tests="3" name="DistributedAdmin.Customers_CRUD" time="1.386" errors="0" timestamp="2024-05-30T21:22:18 IST" skipped="0">
  <testcase classname="DistributedAdmin.Customers_CRUD" name="distributorAdminLoginTest" time="0.426"/>
  <system-out/>
  <testcase classname="DistributedAdmin.Customers_CRUD" name="createCompanyLocationTest" time="0.615"/>
  <system-out/>
  <testcase classname="DistributedAdmin.Customers_CRUD" name="updateCompanyLocationTest" time="0.345"/>
  <system-out/>
</testsuite> <!-- DistributedAdmin.Customers_CRUD -->
